Importer Log Report
Project : Actives.LibPkg

Section : Import Document - C:\Users\mathm\Desktop\ul_USBLC64SC6\AltiumV15.lia
    Section : PCB Library - AltiumV15.PcbLib
        Section : Load Messages
            Warning - 1 : Skipping Token poly On Line 438
            Warning - 1 : Skipping Token poly On Line 454
            Warning - 1 : Skipping Token poly On Line 822
            Warning - 1 : Skipping Token poly On Line 838
            Warning - 1 : Skipping Token poly On Line 1203
            Warning - 1 : Skipping Token poly On Line 1219
            Warning - 1 : Skipping Token USBLC6-4SC6 On Line 1461
            Warning - 1 : Skipping Token attachedSymbol On Line 1535
        EndSection
    EndSection

    Section : SCH Library - AltiumV15.SchLib
        Section : Parsing Messages
            Warning - 1 : Skipping Token padStyleDef On Line 10
            Warning - 1 : Skipping Token padStyleDef On Line 20
            Warning - 1 : Skipping Token padStyleDef On Line 30
            Warning - 1 : Skipping Token multiLayer On Line 320
            Warning - 1 : Skipping Token layerContents On Line 329
            Warning - 1 : Skipping Token layerContents On Line 332
            Warning - 1 : Skipping Token layerContents On Line 335
            Warning - 1 : Skipping Token layerContents On Line 338
            Warning - 1 : Skipping Token layerContents On Line 341
            Warning - 1 : Skipping Token layerContents On Line 344
            Warning - 1 : Skipping Token layerContents On Line 347
            Warning - 1 : Skipping Token layerContents On Line 350
            Warning - 1 : Skipping Token layerContents On Line 353
            Warning - 1 : Skipping Token layerContents On Line 356
            Warning - 1 : Skipping Token layerContents On Line 359
            Warning - 1 : Skipping Token layerContents On Line 362
            Warning - 1 : Skipping Token layerContents On Line 365
            Warning - 1 : Skipping Token layerContents On Line 368
            Warning - 1 : Skipping Token layerContents On Line 371
            Warning - 1 : Skipping Token layerContents On Line 374
            Warning - 1 : Skipping Token layerContents On Line 377
            Warning - 1 : Skipping Token layerContents On Line 380
            Warning - 1 : Skipping Token layerContents On Line 383
            Warning - 1 : Skipping Token layerContents On Line 386
            Warning - 1 : Skipping Token layerContents On Line 389
            Warning - 1 : Skipping Token layerContents On Line 392
            Warning - 1 : Skipping Token layerContents On Line 395
            Warning - 1 : Skipping Token layerContents On Line 398
            Warning - 1 : Skipping Token layerContents On Line 401
            Warning - 1 : Skipping Token layerContents On Line 404
            Warning - 1 : Skipping Token layerContents On Line 407
            Warning - 1 : Skipping Token layerContents On Line 410
            Warning - 1 : Skipping Token layerContents On Line 413
            Warning - 1 : Skipping Token layerContents On Line 416
            Warning - 1 : Skipping Token layerContents On Line 419
            Warning - 1 : Skipping Token layerContents On Line 422
            Warning - 1 : Skipping Token layerContents On Line 425
            Warning - 1 : Skipping Token layerContents On Line 428
            Warning - 1 : Skipping Token layerContents On Line 431
            Warning - 1 : Skipping Token layerContents On Line 434
            Warning - 1 : Skipping Token layerContents On Line 437
            Warning - 1 : Skipping Token layerContents On Line 453
            Warning - 1 : Skipping Token layerContents On Line 461
            Warning - 1 : Skipping Token layerContents On Line 464
            Warning - 1 : Skipping Token layerContents On Line 467
            Warning - 1 : Skipping Token layerContents On Line 470
            Warning - 1 : Skipping Token layerContents On Line 473
            Warning - 1 : Skipping Token layerContents On Line 476
            Warning - 1 : Skipping Token layerContents On Line 479
            Warning - 1 : Skipping Token layerContents On Line 482
            Warning - 1 : Skipping Token layerContents On Line 485
            Warning - 1 : Skipping Token layerContents On Line 488
            Warning - 1 : Skipping Token layerContents On Line 491
            Warning - 1 : Skipping Token layerContents On Line 494
            Warning - 1 : Skipping Token layerContents On Line 497
            Warning - 1 : Skipping Token layerContents On Line 500
            Warning - 1 : Skipping Token layerContents On Line 503
            Warning - 1 : Skipping Token layerContents On Line 506
            Warning - 1 : Skipping Token layerContents On Line 509
            Warning - 1 : Skipping Token layerContents On Line 512
            Warning - 1 : Skipping Token layerContents On Line 515
            Warning - 1 : Skipping Token layerContents On Line 518
            Warning - 1 : Skipping Token layerContents On Line 521
            Warning - 1 : Skipping Token layerContents On Line 524
            Warning - 1 : Skipping Token layerContents On Line 527
            Warning - 1 : Skipping Token layerContents On Line 530
            Warning - 1 : Skipping Token layerContents On Line 533
            Warning - 1 : Skipping Token layerContents On Line 536
            Warning - 1 : Skipping Token layerContents On Line 539
            Warning - 1 : Skipping Token layerContents On Line 542
            Warning - 1 : Skipping Token layerContents On Line 545
            Warning - 1 : Skipping Token layerContents On Line 548
            Warning - 1 : Skipping Token layerContents On Line 551
            Warning - 1 : Skipping Token layerContents On Line 554
            Warning - 1 : Skipping Token layerContents On Line 557
            Warning - 1 : Skipping Token layerContents On Line 560
            Warning - 1 : Skipping Token layerContents On Line 563
            Warning - 1 : Skipping Token layerContents On Line 566
            Warning - 1 : Skipping Token layerContents On Line 569
            Warning - 1 : Skipping Token layerContents On Line 572
            Warning - 1 : Skipping Token layerContents On Line 575
            Warning - 1 : Skipping Token layerContents On Line 578
            Warning - 1 : Skipping Token layerContents On Line 581
            Warning - 1 : Skipping Token layerContents On Line 584
            Warning - 1 : Skipping Token layerContents On Line 587
            Warning - 1 : Skipping Token layerContents On Line 590
            Warning - 1 : Skipping Token layerContents On Line 593
            Warning - 1 : Skipping Token layerContents On Line 596
            Warning - 1 : Skipping Token layerContents On Line 599
            Warning - 1 : Skipping Token layerContents On Line 602
            Warning - 1 : Skipping Token layerContents On Line 605
            Warning - 1 : Skipping Token layerContents On Line 608
            Warning - 1 : Skipping Token layerContents On Line 611
            Warning - 1 : Skipping Token layerContents On Line 614
            Warning - 1 : Skipping Token layerContents On Line 617
            Warning - 1 : Skipping Token layerContents On Line 620
            Warning - 1 : Skipping Token layerContents On Line 623
            Warning - 1 : Skipping Token layerContents On Line 626
            Warning - 1 : Skipping Token layerContents On Line 629
            Warning - 1 : Skipping Token layerContents On Line 632
            Warning - 1 : Skipping Token layerContents On Line 635
            Warning - 1 : Skipping Token layerContents On Line 638
            Warning - 1 : Skipping Token layerContents On Line 641
            Warning - 1 : Skipping Token layerContents On Line 644
            Warning - 1 : Skipping Token layerContents On Line 647
            Warning - 1 : Skipping Token layerContents On Line 650
            Warning - 1 : Skipping Token layerContents On Line 653
            Warning - 1 : Skipping Token layerContents On Line 656
            Warning - 1 : Skipping Token layerContents On Line 659
            Warning - 1 : Skipping Token layerContents On Line 662
            Warning - 1 : Skipping Token layerContents On Line 665
            Warning - 1 : Skipping Token layerContents On Line 668
            Warning - 1 : Skipping Token layerContents On Line 671
            Warning - 1 : Skipping Token layerContents On Line 674
            Warning - 1 : Skipping Token layerContents On Line 677
            Warning - 1 : Skipping Token layerContents On Line 680
            Warning - 1 : Skipping Token layerContents On Line 683
            Warning - 1 : Skipping Token layerContents On Line 686
            Warning - 1 : Skipping Token layerContents On Line 689
            Warning - 1 : Skipping Token layerContents On Line 692
            Warning - 1 : Skipping Token layerContents On Line 695
            Warning - 1 : Skipping Token multiLayer On Line 704
            Warning - 1 : Skipping Token layerContents On Line 713
            Warning - 1 : Skipping Token layerContents On Line 716
            Warning - 1 : Skipping Token layerContents On Line 719
            Warning - 1 : Skipping Token layerContents On Line 722
            Warning - 1 : Skipping Token layerContents On Line 725
            Warning - 1 : Skipping Token layerContents On Line 728
            Warning - 1 : Skipping Token layerContents On Line 731
            Warning - 1 : Skipping Token layerContents On Line 734
            Warning - 1 : Skipping Token layerContents On Line 737
            Warning - 1 : Skipping Token layerContents On Line 740
            Warning - 1 : Skipping Token layerContents On Line 743
            Warning - 1 : Skipping Token layerContents On Line 746
            Warning - 1 : Skipping Token layerContents On Line 749
            Warning - 1 : Skipping Token layerContents On Line 752
            Warning - 1 : Skipping Token layerContents On Line 755
            Warning - 1 : Skipping Token layerContents On Line 758
            Warning - 1 : Skipping Token layerContents On Line 761
            Warning - 1 : Skipping Token layerContents On Line 764
            Warning - 1 : Skipping Token layerContents On Line 767
            Warning - 1 : Skipping Token layerContents On Line 770
            Warning - 1 : Skipping Token layerContents On Line 773
            Warning - 1 : Skipping Token layerContents On Line 776
            Warning - 1 : Skipping Token layerContents On Line 779
            Warning - 1 : Skipping Token layerContents On Line 782
            Warning - 1 : Skipping Token layerContents On Line 785
            Warning - 1 : Skipping Token layerContents On Line 788
            Warning - 1 : Skipping Token layerContents On Line 791
            Warning - 1 : Skipping Token layerContents On Line 794
            Warning - 1 : Skipping Token layerContents On Line 797
            Warning - 1 : Skipping Token layerContents On Line 800
            Warning - 1 : Skipping Token layerContents On Line 803
            Warning - 1 : Skipping Token layerContents On Line 806
            Warning - 1 : Skipping Token layerContents On Line 809
            Warning - 1 : Skipping Token layerContents On Line 812
            Warning - 1 : Skipping Token layerContents On Line 815
            Warning - 1 : Skipping Token layerContents On Line 818
            Warning - 1 : Skipping Token layerContents On Line 821
            Warning - 1 : Skipping Token layerContents On Line 837
            Warning - 1 : Skipping Token layerContents On Line 845
            Warning - 1 : Skipping Token layerContents On Line 848
            Warning - 1 : Skipping Token layerContents On Line 851
            Warning - 1 : Skipping Token layerContents On Line 854
            Warning - 1 : Skipping Token layerContents On Line 857
            Warning - 1 : Skipping Token layerContents On Line 860
            Warning - 1 : Skipping Token layerContents On Line 863
            Warning - 1 : Skipping Token layerContents On Line 866
            Warning - 1 : Skipping Token layerContents On Line 869
            Warning - 1 : Skipping Token layerContents On Line 872
            Warning - 1 : Skipping Token layerContents On Line 875
            Warning - 1 : Skipping Token layerContents On Line 878
            Warning - 1 : Skipping Token layerContents On Line 881
            Warning - 1 : Skipping Token layerContents On Line 884
            Warning - 1 : Skipping Token layerContents On Line 887
            Warning - 1 : Skipping Token layerContents On Line 890
            Warning - 1 : Skipping Token layerContents On Line 893
            Warning - 1 : Skipping Token layerContents On Line 896
            Warning - 1 : Skipping Token layerContents On Line 899
            Warning - 1 : Skipping Token layerContents On Line 902
            Warning - 1 : Skipping Token layerContents On Line 905
            Warning - 1 : Skipping Token layerContents On Line 908
            Warning - 1 : Skipping Token layerContents On Line 911
            Warning - 1 : Skipping Token layerContents On Line 914
            Warning - 1 : Skipping Token layerContents On Line 917
            Warning - 1 : Skipping Token layerContents On Line 920
            Warning - 1 : Skipping Token layerContents On Line 923
            Warning - 1 : Skipping Token layerContents On Line 926
            Warning - 1 : Skipping Token layerContents On Line 929
            Warning - 1 : Skipping Token layerContents On Line 932
            Warning - 1 : Skipping Token layerContents On Line 935
            Warning - 1 : Skipping Token layerContents On Line 938
            Warning - 1 : Skipping Token layerContents On Line 941
            Warning - 1 : Skipping Token layerContents On Line 944
            Warning - 1 : Skipping Token layerContents On Line 947
            Warning - 1 : Skipping Token layerContents On Line 950
            Warning - 1 : Skipping Token layerContents On Line 953
            Warning - 1 : Skipping Token layerContents On Line 956
            Warning - 1 : Skipping Token layerContents On Line 959
            Warning - 1 : Skipping Token layerContents On Line 962
            Warning - 1 : Skipping Token layerContents On Line 965
            Warning - 1 : Skipping Token layerContents On Line 968
            Warning - 1 : Skipping Token layerContents On Line 971
            Warning - 1 : Skipping Token layerContents On Line 974
            Warning - 1 : Skipping Token layerContents On Line 977
            Warning - 1 : Skipping Token layerContents On Line 980
            Warning - 1 : Skipping Token layerContents On Line 983
            Warning - 1 : Skipping Token layerContents On Line 986
            Warning - 1 : Skipping Token layerContents On Line 989
            Warning - 1 : Skipping Token layerContents On Line 992
            Warning - 1 : Skipping Token layerContents On Line 995
            Warning - 1 : Skipping Token layerContents On Line 998
            Warning - 1 : Skipping Token layerContents On Line 1001
            Warning - 1 : Skipping Token layerContents On Line 1004
            Warning - 1 : Skipping Token layerContents On Line 1007
            Warning - 1 : Skipping Token layerContents On Line 1010
            Warning - 1 : Skipping Token layerContents On Line 1013
            Warning - 1 : Skipping Token layerContents On Line 1016
            Warning - 1 : Skipping Token layerContents On Line 1019
            Warning - 1 : Skipping Token layerContents On Line 1022
            Warning - 1 : Skipping Token layerContents On Line 1025
            Warning - 1 : Skipping Token layerContents On Line 1028
            Warning - 1 : Skipping Token layerContents On Line 1031
            Warning - 1 : Skipping Token layerContents On Line 1034
            Warning - 1 : Skipping Token layerContents On Line 1037
            Warning - 1 : Skipping Token layerContents On Line 1040
            Warning - 1 : Skipping Token layerContents On Line 1043
            Warning - 1 : Skipping Token layerContents On Line 1046
            Warning - 1 : Skipping Token layerContents On Line 1049
            Warning - 1 : Skipping Token layerContents On Line 1052
            Warning - 1 : Skipping Token layerContents On Line 1055
            Warning - 1 : Skipping Token layerContents On Line 1058
            Warning - 1 : Skipping Token layerContents On Line 1061
            Warning - 1 : Skipping Token layerContents On Line 1064
            Warning - 1 : Skipping Token layerContents On Line 1067
            Warning - 1 : Skipping Token layerContents On Line 1070
            Warning - 1 : Skipping Token layerContents On Line 1073
            Warning - 1 : Skipping Token layerContents On Line 1076
            Warning - 1 : Skipping Token multiLayer On Line 1085
            Warning - 1 : Skipping Token layerContents On Line 1094
            Warning - 1 : Skipping Token layerContents On Line 1097
            Warning - 1 : Skipping Token layerContents On Line 1100
            Warning - 1 : Skipping Token layerContents On Line 1103
            Warning - 1 : Skipping Token layerContents On Line 1106
            Warning - 1 : Skipping Token layerContents On Line 1109
            Warning - 1 : Skipping Token layerContents On Line 1112
            Warning - 1 : Skipping Token layerContents On Line 1115
            Warning - 1 : Skipping Token layerContents On Line 1118
            Warning - 1 : Skipping Token layerContents On Line 1121
            Warning - 1 : Skipping Token layerContents On Line 1124
            Warning - 1 : Skipping Token layerContents On Line 1127
            Warning - 1 : Skipping Token layerContents On Line 1130
            Warning - 1 : Skipping Token layerContents On Line 1133
            Warning - 1 : Skipping Token layerContents On Line 1136
            Warning - 1 : Skipping Token layerContents On Line 1139
            Warning - 1 : Skipping Token layerContents On Line 1142
            Warning - 1 : Skipping Token layerContents On Line 1145
            Warning - 1 : Skipping Token layerContents On Line 1148
            Warning - 1 : Skipping Token layerContents On Line 1151
            Warning - 1 : Skipping Token layerContents On Line 1154
            Warning - 1 : Skipping Token layerContents On Line 1157
            Warning - 1 : Skipping Token layerContents On Line 1160
            Warning - 1 : Skipping Token layerContents On Line 1163
            Warning - 1 : Skipping Token layerContents On Line 1166
            Warning - 1 : Skipping Token layerContents On Line 1169
            Warning - 1 : Skipping Token layerContents On Line 1172
            Warning - 1 : Skipping Token layerContents On Line 1175
            Warning - 1 : Skipping Token layerContents On Line 1178
            Warning - 1 : Skipping Token layerContents On Line 1181
            Warning - 1 : Skipping Token layerContents On Line 1184
            Warning - 1 : Skipping Token layerContents On Line 1187
            Warning - 1 : Skipping Token layerContents On Line 1190
            Warning - 1 : Skipping Token layerContents On Line 1193
            Warning - 1 : Skipping Token layerContents On Line 1196
            Warning - 1 : Skipping Token layerContents On Line 1199
            Warning - 1 : Skipping Token layerContents On Line 1202
            Warning - 1 : Skipping Token layerContents On Line 1218
            Warning - 1 : Skipping Token layerContents On Line 1226
            Warning - 1 : Skipping Token layerContents On Line 1229
            Warning - 1 : Skipping Token layerContents On Line 1232
            Warning - 1 : Skipping Token layerContents On Line 1235
            Warning - 1 : Skipping Token layerContents On Line 1238
            Warning - 1 : Skipping Token layerContents On Line 1241
            Warning - 1 : Skipping Token layerContents On Line 1244
            Warning - 1 : Skipping Token layerContents On Line 1247
            Warning - 1 : Skipping Token layerContents On Line 1250
            Warning - 1 : Skipping Token layerContents On Line 1253
            Warning - 1 : Skipping Token layerContents On Line 1256
            Warning - 1 : Skipping Token layerContents On Line 1259
            Warning - 1 : Skipping Token layerContents On Line 1262
            Warning - 1 : Skipping Token layerContents On Line 1265
            Warning - 1 : Skipping Token layerContents On Line 1268
            Warning - 1 : Skipping Token layerContents On Line 1271
            Warning - 1 : Skipping Token layerContents On Line 1274
            Warning - 1 : Skipping Token layerContents On Line 1277
            Warning - 1 : Skipping Token layerContents On Line 1280
            Warning - 1 : Skipping Token layerContents On Line 1283
            Warning - 1 : Skipping Token layerContents On Line 1286
            Warning - 1 : Skipping Token layerContents On Line 1289
            Warning - 1 : Skipping Token layerContents On Line 1292
            Warning - 1 : Skipping Token layerContents On Line 1295
            Warning - 1 : Skipping Token layerContents On Line 1298
            Warning - 1 : Skipping Token layerContents On Line 1301
            Warning - 1 : Skipping Token layerContents On Line 1304
            Warning - 1 : Skipping Token layerContents On Line 1307
            Warning - 1 : Skipping Token layerContents On Line 1310
            Warning - 1 : Skipping Token layerContents On Line 1313
            Warning - 1 : Skipping Token layerContents On Line 1316
            Warning - 1 : Skipping Token layerContents On Line 1319
            Warning - 1 : Skipping Token layerContents On Line 1322
            Warning - 1 : Skipping Token layerContents On Line 1325
            Warning - 1 : Skipping Token layerContents On Line 1328
            Warning - 1 : Skipping Token layerContents On Line 1331
            Warning - 1 : Skipping Token layerContents On Line 1334
            Warning - 1 : Skipping Token layerContents On Line 1337
            Warning - 1 : Skipping Token layerContents On Line 1340
            Warning - 1 : Skipping Token layerContents On Line 1343
            Warning - 1 : Skipping Token layerContents On Line 1346
            Warning - 1 : Skipping Token layerContents On Line 1349
            Warning - 1 : Skipping Token layerContents On Line 1352
            Warning - 1 : Skipping Token layerContents On Line 1355
            Warning - 1 : Skipping Token layerContents On Line 1358
            Warning - 1 : Skipping Token layerContents On Line 1361
            Warning - 1 : Skipping Token layerContents On Line 1364
            Warning - 1 : Skipping Token layerContents On Line 1367
            Warning - 1 : Skipping Token layerContents On Line 1370
            Warning - 1 : Skipping Token layerContents On Line 1373
            Warning - 1 : Skipping Token layerContents On Line 1376
            Warning - 1 : Skipping Token layerContents On Line 1379
            Warning - 1 : Skipping Token layerContents On Line 1382
            Warning - 1 : Skipping Token layerContents On Line 1385
            Warning - 1 : Skipping Token layerContents On Line 1388
            Warning - 1 : Skipping Token layerContents On Line 1391
            Warning - 1 : Skipping Token layerContents On Line 1394
            Warning - 1 : Skipping Token layerContents On Line 1397
            Warning - 1 : Skipping Token layerContents On Line 1400
            Warning - 1 : Skipping Token layerContents On Line 1403
            Warning - 1 : Skipping Token layerContents On Line 1406
            Warning - 1 : Skipping Token layerContents On Line 1409
            Warning - 1 : Skipping Token layerContents On Line 1412
            Warning - 1 : Skipping Token layerContents On Line 1415
            Warning - 1 : Skipping Token layerContents On Line 1418
            Warning - 1 : Skipping Token layerContents On Line 1421
            Warning - 1 : Skipping Token layerContents On Line 1424
            Warning - 1 : Skipping Token layerContents On Line 1427
            Warning - 1 : Skipping Token layerContents On Line 1430
            Warning - 1 : Skipping Token layerContents On Line 1433
            Warning - 1 : Skipping Token layerContents On Line 1436
            Warning - 1 : Skipping Token layerContents On Line 1439
            Warning - 1 : Skipping Token layerContents On Line 1442
            Warning - 1 : Skipping Token layerContents On Line 1445
            Warning - 1 : Skipping Token layerContents On Line 1448
            Warning - 1 : Skipping Token layerContents On Line 1451
            Warning - 1 : Skipping Token layerContents On Line 1454
            Warning - 1 : Skipping Token layerContents On Line 1457
            Warning - 1 : Skipping Token defaultPinDes On Line 1469
            Warning - 1 : Skipping Token defaultPinDes On Line 1477
            Warning - 1 : Skipping Token defaultPinDes On Line 1485
            Warning - 1 : Skipping Token defaultPinDes On Line 1493
            Warning - 1 : Skipping Token defaultPinDes On Line 1501
            Warning - 1 : Skipping Token defaultPinDes On Line 1509
        EndSection
    EndSection
EndSection
